

Version:	3.12
CmdLine:	E:\Programs\Eclipse Oxygen (Java & Python)\Workspace\XKCD_Viewer\xkcd_viewer.exe --l4j-debug
WOW64:		yes
Working dir:	E:\Programs\Eclipse Oxygen (Java & Python)\Workspace\XKCD_Viewer\.
Java min ver:	
Java max ver:	
Bundled JRE:	E:\Programs\JDK\jre.exe
Check launcher:	E:\Programs\JDK\jre.exe\bin\javaw.exe (not found)
Error msg:	This application was configured to use a bundled Java Runtime Environment but the runtime is missing or corrupted.


Version:	3.12
CmdLine:	E:\Programs\Eclipse Oxygen (Java & Python)\Workspace\XKCD_Viewer\xkcd_viewer.exe --l4j-debug
WOW64:		yes
Working dir:	E:\Programs\Eclipse Oxygen (Java & Python)\Workspace\XKCD_Viewer\.
Java min ver:	1.008.000
Java max ver:	
Bundled JRE:	E:\Programs\JDK\jre.exe
Check launcher:	E:\Programs\JDK\jre.exe\bin\javaw.exe (not found)
64-bit search:	SOFTWARE\JavaSoft\Java Runtime Environment...
Check:		SOFTWARE\JavaSoft\Java Runtime Environment\1.8
Check launcher:	E:\Programs\JRE 8u171\bin\javaw.exe (OK)
Match:		1.008.000
Check:		SOFTWARE\JavaSoft\Java Runtime Environment\1.8.0_171
Check launcher:	E:\Programs\JRE 8u171\bin\javaw.exe (OK)
Match:		1.008.000_171
64-bit search:	SOFTWARE\JavaSoft\Java Development Kit...
Check:		SOFTWARE\JavaSoft\Java Development Kit\1.8
Ignore:		1.008.000
Check:		SOFTWARE\JavaSoft\Java Development Kit\1.8.0_101
Ignore:		1.008.000_101
Check:		SOFTWARE\JavaSoft\Java Development Kit\1.8.0_102
Ignore:		1.008.000_102
Check:		SOFTWARE\JavaSoft\Java Development Kit\1.8.0_121
Ignore:		1.008.000_121
64-bit search:	SOFTWARE\JavaSoft\JRE...
Check:		SOFTWARE\JavaSoft\JRE\10.0.2
Check launcher:	C:\Program Files\Java\jre-10.0.2\bin\javaw.exe (OK)
Match:		1.010.000_002
64-bit search:	SOFTWARE\JavaSoft\JDK...
Runtime used:	1.010.000_002 (64-bit)
Launcher:	C:\Program Files\Java\jre-10.0.2\bin\javaw.exe
Launcher args:	-jar "E:\Programs\Eclipse Oxygen (Java & Python)\Workspace\XKCD_Viewer\xkcd_viewer.exe"
Args length:	87/32768 chars
Exit code:	0


Version:	3.12
CmdLine:	E:\Programs\Eclipse Oxygen (Java & Python)\Workspace\XKCD_Viewer\xkcd_viewer.exe --l4j-debug
WOW64:		yes
Working dir:	E:\Programs\Eclipse Oxygen (Java & Python)\Workspace\XKCD_Viewer\.
Java min ver:	1.008.000
Java max ver:	
Bundled JRE:	E:\Programs\JDK\jre.exe
Check launcher:	E:\Programs\JDK\jre.exe\bin\javaw.exe (not found)
64-bit search:	SOFTWARE\JavaSoft\Java Runtime Environment...
Check:		SOFTWARE\JavaSoft\Java Runtime Environment\1.8
Check launcher:	E:\Programs\JRE 8u171\bin\javaw.exe (OK)
Match:		1.008.000
Check:		SOFTWARE\JavaSoft\Java Runtime Environment\1.8.0_171
Check launcher:	E:\Programs\JRE 8u171\bin\javaw.exe (OK)
Match:		1.008.000_171
64-bit search:	SOFTWARE\JavaSoft\Java Development Kit...
Check:		SOFTWARE\JavaSoft\Java Development Kit\1.8
Ignore:		1.008.000
Check:		SOFTWARE\JavaSoft\Java Development Kit\1.8.0_101
Ignore:		1.008.000_101
Check:		SOFTWARE\JavaSoft\Java Development Kit\1.8.0_102
Ignore:		1.008.000_102
Check:		SOFTWARE\JavaSoft\Java Development Kit\1.8.0_121
Ignore:		1.008.000_121
64-bit search:	SOFTWARE\JavaSoft\JRE...
Check:		SOFTWARE\JavaSoft\JRE\10.0.2
Check launcher:	C:\Program Files\Java\jre-10.0.2\bin\javaw.exe (OK)
Match:		1.010.000_002
64-bit search:	SOFTWARE\JavaSoft\JDK...
Runtime used:	1.010.000_002 (64-bit)
Launcher:	C:\Program Files\Java\jre-10.0.2\bin\javaw.exe
Launcher args:	-jar "E:\Programs\Eclipse Oxygen (Java & Python)\Workspace\XKCD_Viewer\xkcd_viewer.exe"
Args length:	87/32768 chars
Exit code:	0


Version:	3.12
CmdLine:	E:\Programs\Eclipse Oxygen (Java & Python)\Workspace\XKCD_Viewer\xkcd_viewer.exe --l4j-debug
WOW64:		yes
Working dir:	E:\Programs\Eclipse Oxygen (Java & Python)\Workspace\XKCD_Viewer\.
Java min ver:	1.007.000
Java max ver:	
Bundled JRE:	E:\Programs\JDK\jre.exe
Check launcher:	E:\Programs\JDK\jre.exe\bin\javaw.exe (not found)
64-bit search:	SOFTWARE\JavaSoft\Java Runtime Environment...
Check:		SOFTWARE\JavaSoft\Java Runtime Environment\1.8
Check launcher:	E:\Programs\JRE 8u171\bin\javaw.exe (OK)
Match:		1.008.000
Check:		SOFTWARE\JavaSoft\Java Runtime Environment\1.8.0_171
Check launcher:	E:\Programs\JRE 8u171\bin\javaw.exe (OK)
Match:		1.008.000_171
64-bit search:	SOFTWARE\JavaSoft\Java Development Kit...
Check:		SOFTWARE\JavaSoft\Java Development Kit\1.8
Ignore:		1.008.000
Check:		SOFTWARE\JavaSoft\Java Development Kit\1.8.0_101
Ignore:		1.008.000_101
Check:		SOFTWARE\JavaSoft\Java Development Kit\1.8.0_102
Ignore:		1.008.000_102
Check:		SOFTWARE\JavaSoft\Java Development Kit\1.8.0_121
Ignore:		1.008.000_121
64-bit search:	SOFTWARE\JavaSoft\JRE...
Check:		SOFTWARE\JavaSoft\JRE\10.0.2
Check launcher:	C:\Program Files\Java\jre-10.0.2\bin\javaw.exe (OK)
Match:		1.010.000_002
64-bit search:	SOFTWARE\JavaSoft\JDK...
Runtime used:	1.010.000_002 (64-bit)
Launcher:	C:\Program Files\Java\jre-10.0.2\bin\javaw.exe
Launcher args:	-jar "E:\Programs\Eclipse Oxygen (Java & Python)\Workspace\XKCD_Viewer\xkcd_viewer.exe"
Args length:	87/32768 chars
Exit code:	0


Version:	3.12
CmdLine:	E:\Programs\Eclipse Oxygen (Java & Python)\Workspace\XKCD_Viewer\xkcd_viewer.exe --l4j-debug
WOW64:		yes
Working dir:	E:\Programs\Eclipse Oxygen (Java & Python)\Workspace\XKCD_Viewer\.
Java min ver:	1.007.000
Java max ver:	
64-bit search:	SOFTWARE\JavaSoft\Java Runtime Environment...
Check:		SOFTWARE\JavaSoft\Java Runtime Environment\1.8
Check launcher:	E:\Programs\JRE 8u171\bin\javaw.exe (OK)
Match:		1.008.000
Check:		SOFTWARE\JavaSoft\Java Runtime Environment\1.8.0_171
Check launcher:	E:\Programs\JRE 8u171\bin\javaw.exe (OK)
Match:		1.008.000_171
64-bit search:	SOFTWARE\JavaSoft\Java Development Kit...
Check:		SOFTWARE\JavaSoft\Java Development Kit\1.8
Ignore:		1.008.000
Check:		SOFTWARE\JavaSoft\Java Development Kit\1.8.0_101
Ignore:		1.008.000_101
Check:		SOFTWARE\JavaSoft\Java Development Kit\1.8.0_102
Ignore:		1.008.000_102
Check:		SOFTWARE\JavaSoft\Java Development Kit\1.8.0_121
Ignore:		1.008.000_121
64-bit search:	SOFTWARE\JavaSoft\JRE...
Check:		SOFTWARE\JavaSoft\JRE\10.0.2
Check launcher:	C:\Program Files\Java\jre-10.0.2\bin\javaw.exe (OK)
Match:		1.010.000_002
64-bit search:	SOFTWARE\JavaSoft\JDK...
Runtime used:	1.010.000_002 (64-bit)
Launcher:	C:\Program Files\Java\jre-10.0.2\bin\javaw.exe
Launcher args:	-jar "E:\Programs\Eclipse Oxygen (Java & Python)\Workspace\XKCD_Viewer\xkcd_viewer.exe"
Args length:	87/32768 chars
Exit code:	0


Version:	3.12
CmdLine:	E:\Programs\Eclipse Oxygen (Java & Python)\Workspace\XKCD_Viewer\xkcd_viewer.exe --l4j-debug
WOW64:		yes
Working dir:	E:\Programs\Eclipse Oxygen (Java & Python)\Workspace\XKCD_Viewer\.
Java min ver:	1.007.000
Java max ver:	
64-bit search:	SOFTWARE\JavaSoft\Java Runtime Environment...
Check:		SOFTWARE\JavaSoft\Java Runtime Environment\1.8
Check launcher:	E:\Programs\JRE 8u171\bin\javaw.exe (OK)
Match:		1.008.000
Check:		SOFTWARE\JavaSoft\Java Runtime Environment\1.8.0_171
Check launcher:	E:\Programs\JRE 8u171\bin\javaw.exe (OK)
Match:		1.008.000_171
64-bit search:	SOFTWARE\JavaSoft\Java Development Kit...
Check:		SOFTWARE\JavaSoft\Java Development Kit\1.8
Ignore:		1.008.000
Check:		SOFTWARE\JavaSoft\Java Development Kit\1.8.0_101
Ignore:		1.008.000_101
Check:		SOFTWARE\JavaSoft\Java Development Kit\1.8.0_102
Ignore:		1.008.000_102
Check:		SOFTWARE\JavaSoft\Java Development Kit\1.8.0_121
Ignore:		1.008.000_121
64-bit search:	SOFTWARE\JavaSoft\JRE...
Check:		SOFTWARE\JavaSoft\JRE\10.0.2
Check launcher:	C:\Program Files\Java\jre-10.0.2\bin\javaw.exe (OK)
Match:		1.010.000_002
64-bit search:	SOFTWARE\JavaSoft\JDK...
Runtime used:	1.010.000_002 (64-bit)
Launcher:	C:\Program Files\Java\jre-10.0.2\bin\javaw.exe
Launcher args:	-jar "E:\Programs\Eclipse Oxygen (Java & Python)\Workspace\XKCD_Viewer\xkcd_viewer.exe"
Args length:	87/32768 chars
Exit code:	0


Version:	3.12
CmdLine:	E:\Programs\Eclipse Oxygen (Java & Python)\Workspace\XKCD_Viewer\xkcd_viewer.exe --l4j-debug
WOW64:		yes
Working dir:	E:\Programs\Eclipse Oxygen (Java & Python)\Workspace\XKCD_Viewer\.
Java min ver:	1.007.000
Java max ver:	
64-bit search:	SOFTWARE\JavaSoft\Java Runtime Environment...
Check:		SOFTWARE\JavaSoft\Java Runtime Environment\1.8
Check launcher:	E:\Programs\JRE 8u171\bin\javaw.exe (OK)
Match:		1.008.000
Check:		SOFTWARE\JavaSoft\Java Runtime Environment\1.8.0_171
Check launcher:	E:\Programs\JRE 8u171\bin\javaw.exe (OK)
Match:		1.008.000_171
64-bit search:	SOFTWARE\JavaSoft\Java Development Kit...
Check:		SOFTWARE\JavaSoft\Java Development Kit\1.8
Ignore:		1.008.000
Check:		SOFTWARE\JavaSoft\Java Development Kit\1.8.0_101
Ignore:		1.008.000_101
Check:		SOFTWARE\JavaSoft\Java Development Kit\1.8.0_102
Ignore:		1.008.000_102
Check:		SOFTWARE\JavaSoft\Java Development Kit\1.8.0_121
Ignore:		1.008.000_121
64-bit search:	SOFTWARE\JavaSoft\JRE...
Check:		SOFTWARE\JavaSoft\JRE\10.0.2
Check launcher:	C:\Program Files\Java\jre-10.0.2\bin\javaw.exe (OK)
Match:		1.010.000_002
64-bit search:	SOFTWARE\JavaSoft\JDK...
Runtime used:	1.010.000_002 (64-bit)
Launcher:	C:\Program Files\Java\jre-10.0.2\bin\javaw.exe
Launcher args:	-jar "E:\Programs\Eclipse Oxygen (Java & Python)\Workspace\XKCD_Viewer\xkcd_viewer.exe"
Args length:	87/32768 chars
Exit code:	0


Version:	3.12
CmdLine:	E:\Programs\Eclipse Oxygen (Java & Python)\Workspace\XKCD_Viewer\xkcd_viewer.exe --l4j-debug
WOW64:		yes
Working dir:	E:\Programs\Eclipse Oxygen (Java & Python)\Workspace\XKCD_Viewer\.
Java min ver:	1.007.000
Java max ver:	
64-bit search:	SOFTWARE\JavaSoft\Java Runtime Environment...
Check:		SOFTWARE\JavaSoft\Java Runtime Environment\1.8
Check launcher:	E:\Programs\JRE 8u171\bin\javaw.exe (OK)
Match:		1.008.000
Check:		SOFTWARE\JavaSoft\Java Runtime Environment\1.8.0_171
Check launcher:	E:\Programs\JRE 8u171\bin\javaw.exe (OK)
Match:		1.008.000_171
64-bit search:	SOFTWARE\JavaSoft\Java Development Kit...
Check:		SOFTWARE\JavaSoft\Java Development Kit\1.8
Ignore:		1.008.000
Check:		SOFTWARE\JavaSoft\Java Development Kit\1.8.0_101
Ignore:		1.008.000_101
Check:		SOFTWARE\JavaSoft\Java Development Kit\1.8.0_102
Ignore:		1.008.000_102
Check:		SOFTWARE\JavaSoft\Java Development Kit\1.8.0_121
Ignore:		1.008.000_121
64-bit search:	SOFTWARE\JavaSoft\JRE...
Check:		SOFTWARE\JavaSoft\JRE\10.0.2
Check launcher:	C:\Program Files\Java\jre-10.0.2\bin\javaw.exe (OK)
Match:		1.010.000_002
64-bit search:	SOFTWARE\JavaSoft\JDK...
Runtime used:	1.010.000_002 (64-bit)
Launcher:	C:\Program Files\Java\jre-10.0.2\bin\javaw.exe
Launcher args:	-jar "E:\Programs\Eclipse Oxygen (Java & Python)\Workspace\XKCD_Viewer\xkcd_viewer.exe"
Args length:	87/32768 chars
Exit code:	0


Version:	3.12
CmdLine:	E:\Programs\Eclipse Oxygen (Java & Python)\Workspace\XKCD_Viewer\xkcd_viewer.exe --l4j-debug
WOW64:		yes
Working dir:	E:\Programs\Eclipse Oxygen (Java & Python)\Workspace\XKCD_Viewer\.
Java min ver:	1.007.000
Java max ver:	
64-bit search:	SOFTWARE\JavaSoft\Java Runtime Environment...
Check:		SOFTWARE\JavaSoft\Java Runtime Environment\1.8
Check launcher:	E:\Programs\JRE 8u171\bin\javaw.exe (OK)
Match:		1.008.000
Check:		SOFTWARE\JavaSoft\Java Runtime Environment\1.8.0_171
Check launcher:	E:\Programs\JRE 8u171\bin\javaw.exe (OK)
Match:		1.008.000_171
64-bit search:	SOFTWARE\JavaSoft\Java Development Kit...
Check:		SOFTWARE\JavaSoft\Java Development Kit\1.8
Ignore:		1.008.000
Check:		SOFTWARE\JavaSoft\Java Development Kit\1.8.0_101
Ignore:		1.008.000_101
Check:		SOFTWARE\JavaSoft\Java Development Kit\1.8.0_102
Ignore:		1.008.000_102
Check:		SOFTWARE\JavaSoft\Java Development Kit\1.8.0_121
Ignore:		1.008.000_121
64-bit search:	SOFTWARE\JavaSoft\JRE...
Check:		SOFTWARE\JavaSoft\JRE\10.0.2
Check launcher:	C:\Program Files\Java\jre-10.0.2\bin\javaw.exe (OK)
Match:		1.010.000_002
64-bit search:	SOFTWARE\JavaSoft\JDK...
Runtime used:	1.010.000_002 (64-bit)
Launcher:	C:\Program Files\Java\jre-10.0.2\bin\javaw.exe
Launcher args:	-jar "E:\Programs\Eclipse Oxygen (Java & Python)\Workspace\XKCD_Viewer\xkcd_viewer.exe"
Args length:	87/32768 chars
Exit code:	0
